server is down now is prepare to restart
2018-06-06_18:00:03
server is down now is prepare to restart
2018-06-07_19:04:03
server is down now is prepare to restart
2018-06-08_11:09:04
server is down now is prepare to restart
2018-06-08_19:04:03
server is sercure check 
2018-06-11_12:57:26
server is sercure check 
2018-06-11_16:27:01
server is sercure check 
2018-06-11_16:30:01
server is sercure check 
2018-06-11_16:33:01
server is sercure check 
2018-06-11_16:36:01
server is sercure check 
2018-06-11_16:39:01
server is sercure check 
2018-06-11_16:42:01
server is sercure check 
2018-06-11_16:45:01
server is sercure check 
2018-06-11_16:48:01
server is sercure check 
2018-06-11_16:51:01
server is sercure check 
2018-06-11_16:54:01
server is sercure check 
2018-06-11_16:57:01
server is sercure check 
2018-06-11_17:00:01
server is sercure check 
2018-06-11_17:03:01
server is sercure check 
2018-06-11_17:06:01
server is sercure check 
2018-06-11_17:09:01
server is sercure check 
2018-06-11_17:12:01
server is down now is prepare to restart
2018-06-11_22:33:03
server is sercure check 
2018-06-12_00:00:01
server is sercure check 
2018-06-12_00:01:01
server is sercure check 
2018-06-12_00:02:02
server is sercure check 
2018-06-12_00:03:01
server is sercure check 
2018-06-12_00:04:01
server is sercure check 
2018-06-12_00:05:01
server is sercure check 
2018-06-12_00:06:01
server is sercure check 
2018-06-12_00:07:01
server is sercure check 
2018-06-12_00:08:01
server is sercure check 
2018-06-12_00:09:01
server is sercure check 
2018-06-12_00:10:01
server is sercure check 
2018-06-12_00:11:01
server is sercure check 
2018-06-12_00:12:02
server is sercure check 
2018-06-12_00:13:01
server is sercure check 
2018-06-12_00:14:01
server is sercure check 
2018-06-12_00:15:01
server is sercure check 
2018-06-12_00:16:01
server is sercure check 
2018-06-12_00:17:01
server is sercure check 
2018-06-12_00:18:01
server is sercure check 
2018-06-12_00:19:01
server is sercure check 
2018-06-12_00:20:01
server is sercure check 
2018-06-12_00:21:01
server is sercure check 
2018-06-12_00:22:01
server is sercure check 
2018-06-12_00:23:02
server is sercure check 
2018-06-12_00:24:01
server is sercure check 
2018-06-12_00:25:01
server is sercure check 
2018-06-12_00:26:01
server is sercure check 
2018-06-12_00:27:01
server is sercure check 
2018-06-12_00:28:01
server is sercure check 
2018-06-12_00:29:01
server is sercure check 
2018-06-12_00:30:01
server is sercure check 
2018-06-12_00:31:01
server is sercure check 
2018-06-12_00:32:01
server is sercure check 
2018-06-12_00:33:01
server is sercure check 
2018-06-12_00:34:02
server is sercure check 
2018-06-12_00:35:01
server is sercure check 
2018-06-12_00:36:01
server is sercure check 
2018-06-12_00:37:01
server is sercure check 
2018-06-12_00:38:01
server is sercure check 
2018-06-12_00:39:01
server is sercure check 
2018-06-12_00:40:01
server is sercure check 
2018-06-12_00:41:01
server is sercure check 
2018-06-12_00:42:01
server is sercure check 
2018-06-12_00:43:01
server is sercure check 
2018-06-12_00:44:01
server is sercure check 
2018-06-12_00:45:02
server is sercure check 
2018-06-12_00:46:01
server is sercure check 
2018-06-12_00:47:01
server is sercure check 
2018-06-12_00:48:01
server is sercure check 
2018-06-12_00:49:01
server is sercure check 
2018-06-12_00:50:01
server is sercure check 
2018-06-12_00:51:01
server is sercure check 
2018-06-12_00:52:01
server is sercure check 
2018-06-12_00:53:01
server is sercure check 
2018-06-12_00:54:01
server is sercure check 
2018-06-12_00:55:01
server is sercure check 
2018-06-12_00:56:01
server is sercure check 
2018-06-12_00:57:01
server is sercure check 
2018-06-12_00:58:01
server is sercure check 
2018-06-12_00:59:01
server is sercure check 
2018-06-12_12:01:01
server is sercure check 
2018-06-13_00:01:01
server is sercure check 
2018-06-13_12:01:01
server is down now is prepare to restart
2018-06-13_16:21:03
server is down now is prepare to restart
2018-06-13_16:51:03
server is down now is prepare to restart
2018-06-13_16:52:03
server is down now is prepare to restart
2018-06-13_16:53:03
onclose is core dump !now is reset the worker-----
27
2018-06-13_18:32:03
server is down now is prepare to restart
2018-06-13_19:07:04
server is sercure check 
2018-06-14_00:01:01
server is down now is prepare to restart
2018-06-14_00:02:03
server is down now is prepare to restart
2018-06-14_10:26:03
server is sercure check 
2018-06-14_12:01:01
onclose is core dump !now is reset the worker-----
11
2018-06-14_23:23:05
server is sercure check 
2018-06-15_00:01:01
server is sercure check 
2018-06-15_12:01:01
onclose is core dump !now is reset the worker-----
11
2018-06-15_15:09:03
server is sercure check 
2018-06-16_00:01:01
server is sercure check 
2018-06-16_12:01:01
server is sercure check 
2018-06-17_00:01:01
server is sercure check 
2018-06-17_12:01:01
server is sercure check 
2018-06-18_00:01:01
server is sercure check 
2018-06-18_12:01:01
server is sercure check 
2018-06-19_00:01:01
server is sercure check 
2018-06-19_12:01:01
server is sercure check 
2018-06-20_00:01:02
server is sercure check 
2018-06-20_12:01:01
server is sercure check 
2018-06-21_00:01:01
server is sercure check 
2018-06-21_12:01:02
server is sercure check 
2018-06-22_00:01:01
server is sercure check 
2018-06-22_12:01:01
server is sercure check 
2018-06-23_00:01:01
server is sercure check 
2018-06-23_12:01:01
server is sercure check 
2018-06-24_00:01:01
server is sercure check 
2018-06-24_12:01:01
server is sercure check 
2018-06-25_00:01:01
server is sercure check 
2018-06-25_12:01:01
server is sercure check 
2018-06-26_00:01:01
server is sercure check 
2018-06-26_12:01:01
server is sercure check 
2018-06-27_00:01:01
server is sercure check 
2018-06-27_12:01:01
server is sercure check 
2018-06-28_00:01:01
server is sercure check 
2018-06-28_12:01:01
server is sercure check 
2018-06-29_00:01:01
server is sercure check 
2018-06-29_12:01:01
server is sercure check 
2018-06-30_00:01:01
server is sercure check 
2018-06-30_12:01:01
server is sercure check 
2018-07-01_00:01:01
server is sercure check 
2018-07-01_12:01:01
server is sercure check 
2018-07-02_00:01:01
server is sercure check 
2018-07-02_12:01:01
server is sercure check 
2018-07-03_00:01:01
server is sercure check 
2018-07-03_12:01:01
onclose is core dump !now is reset the worker-----
12
2018-07-03_13:09:03
server is sercure check 
2018-07-04_00:01:01
server is sercure check 
2018-07-04_12:01:02
server is down now is prepare to restart
2018-07-04_18:27:03
server is sercure check 
2018-07-05_00:01:01
server is sercure check 
2018-07-05_12:01:02
server is sercure check 
2018-07-06_00:01:01
server is sercure check 
2018-07-06_12:01:01
server is sercure check 
2018-07-07_00:01:01
server is sercure check 
2018-07-07_12:01:01
server is sercure check 
2018-07-08_00:01:01
server is sercure check 
2018-07-08_12:01:01
server is sercure check 
2018-07-09_00:01:01
server is sercure check 
2018-07-09_12:01:01
